
ROM used:   106/8192 (1%)
            106/8192 (1%) including unused fragments

            0.1 Average locations per line
            11.8 Average locations per statement

RAM used:   9/368 (2%) at main() level
            10/368 (3%) worst case

Stack used: 0 worst case (0 in main + 0 for interrupts)
Stack size: 8

Lines Stmts  %   Files
----- ----- ---  -----
   24     9 100  main2.c
    5     0   0  main2.h
  786     0   0  C:\Program Files (x86)\PICC\Devices\16F887.h
----- -----
  815     9 Total

Page ROM  %  RAM    Vol Diff  Functions:
---- --- --- ---    --- ----  ----------
0     22  21    1             @delay_ms1
0     14  13    0             @const645
0     66  62    1    209  4.1  main
 Inline         0             @cinit1

Program metrics:
    Functions               1
    Statements              9
    Comments                138
    Volume (V)              215
    Difficulty (D)          3.5
    Effort to implement (E) 757
    Time to implement (T)   1 minutes
    Est Delivered Bugs (B)  0
    Cyclomatic Complexity   1
    Maintainability (MI)    77

 Segment     Used  Free
-----------  ----  ----
00000-00003     4  0  
00004-007FF   102  1942  
00800-00FFF     0  2048  
01000-017FF     0  2048  
01800-01FFF     0  2048  



