
ROM used:   91/8192 (1%)
            91/8192 (1%) including unused fragments

            0.1 Average locations per line
            7.6 Average locations per statement

RAM used:   8/368 (2%) at main() level
            8/368 (2%) worst case

Stack used: 0 worst case (0 in main + 0 for interrupts)
Stack size: 8

Lines Stmts  %   Files
----- ----- ---  -----
   29    12 100  main2.c
    5     0   0  main2.h
  786     0   0  C:\Program Files (x86)\PICC\Devices\16F887.h
----- -----
  820    12 Total

Page ROM  %  RAM    Vol Diff  Functions:
---- --- --- ---    --- ----  ----------
0     22  24    1             @delay_ms1
0     65  71    2    318  4.2  main
 Inline         0             @cinit1

Program metrics:
    Functions               1
    Statements              12
    Comments                136
    Volume (V)              322
    Difficulty (D)          3.9
    Effort to implement (E) 1257
    Time to implement (T)   1 minutes
    Est Delivered Bugs (B)  0
    Cyclomatic Complexity   2
    Maintainability (MI)    65

 Segment     Used  Free
-----------  ----  ----
00000-00003     4  0  
00004-007FF    87  1957  
00800-00FFF     0  2048  
01000-017FF     0  2048  
01800-01FFF     0  2048  



