
ROM used:   78/8192 (1%)
            78/8192 (1%) including unused fragments

            0.1 Average locations per line
            5.2 Average locations per statement

RAM used:   9/368 (2%) at main() level
            9/368 (2%) worst case

Stack used: 0 worst case (0 in main + 0 for interrupts)
Stack size: 8

Lines Stmts  %   Files
----- ----- ---  -----
   36    15 100  main3.c
    5     0   0  main3.h
  786     0   0  C:\Program Files (x86)\PICC\Devices\16F887.h
----- -----
  827    15 Total

Page ROM  %  RAM    Vol Diff  Functions:
---- --- --- ---    --- ----  ----------
0     74  95    2    420  4.2  main
 Inline         0             @cinit1

Program metrics:
    Functions               1
    Statements              15
    Comments                136
    Volume (V)              423
    Difficulty (D)          4.1
    Effort to implement (E) 1744
    Time to implement (T)   2 minutes
    Est Delivered Bugs (B)  0
    Cyclomatic Complexity   4
    Maintainability (MI)    59

 Segment     Used  Free
-----------  ----  ----
00000-00003     4  0  
00004-007FF    74  1970  
00800-00FFF     0  2048  
01000-017FF     0  2048  
01800-01FFF     0  2048  



