
ROM used:   149/8192 (2%)
            149/8192 (2%) including unused fragments

            0.2 Average locations per line
            16.6 Average locations per statement

RAM used:   9/368 (2%) at main() level
            12/368 (3%) worst case

Stack used: 0 worst case (0 in main + 0 for interrupts)
Stack size: 8

Lines Stmts  %   Files
----- ----- ---  -----
   24     9 100  main7.c
    5     0   0  main7.h
  786     0   0  C:\Program Files (x86)\PICC\Devices\16F887.h
----- -----
  815     9 Total

Page ROM  %  RAM    Vol Diff  Functions:
---- --- --- ---    --- ----  ----------
0     22  15    1             @delay_ms1
0     14   9    0             @const645
0     72  48    1    237  5.0  main
0     37  25    4             @DIVS88
 Inline         0             @cinit1

Program metrics:
    Functions               1
    Statements              9
    Comments                138
    Volume (V)              245
    Difficulty (D)          4.2
    Effort to implement (E) 1036
    Time to implement (T)   1 minutes
    Est Delivered Bugs (B)  0
    Cyclomatic Complexity   1
    Maintainability (MI)    76

 Segment     Used  Free
-----------  ----  ----
00000-00003     4  0  
00004-007FF   145  1899  
00800-00FFF     0  2048  
01000-017FF     0  2048  
01800-01FFF     0  2048  



