
ROM used:   117/8192 (1%)
            117/8192 (1%) including unused fragments

            0.1 Average locations per line
            4.9 Average locations per statement

RAM used:   9/368 (2%) at main() level
            9/368 (2%) worst case

Stack used: 0 worst case (0 in main + 0 for interrupts)
Stack size: 8

Lines Stmts  %   Files
----- ----- ---  -----
   42    24 100  main11.c
    5     0   0  main11.h
  786     0   0  C:\Program Files (x86)\PICC\Devices\16F887.h
----- -----
  833    24 Total

Page ROM  %  RAM    Vol Diff  Functions:
---- --- --- ---    --- ----  ----------
0     20  17    1             @delay_ms1
0     93  79    1    598  5.7  main
 Inline         0             @cinit1

Program metrics:
    Functions               1
    Statements              24
    Comments                142
    Volume (V)              603
    Difficulty (D)          5.5
    Effort to implement (E) 3305
    Time to implement (T)   3 minutes
    Est Delivered Bugs (B)  0
    Cyclomatic Complexity   4
    Maintainability (MI)    66

 Segment     Used  Free
-----------  ----  ----
00000-00003     4  0  
00004-007FF   113  1931  
00800-00FFF     0  2048  
01000-017FF     0  2048  
01800-01FFF     0  2048  



