
ROM used:   87/8192 (1%)
            87/8192 (1%) including unused fragments

            0.1 Average locations per line
            4.1 Average locations per statement

RAM used:   9/368 (2%) at main() level
            9/368 (2%) worst case

Stack used: 1 worst case (1 in main + 0 for interrupts)
Stack size: 8

Lines Stmts  %   Files
----- ----- ---  -----
   42    21 100  main10.c
    5     0   0  main10.h
  786     0   0  C:\Program Files (x86)\PICC\Devices\16F887.h
----- -----
  833    21 Total

Page ROM  %  RAM    Vol Diff  Functions:
---- --- --- ---    --- ----  ----------
0     83  95    1    500  5.7  main
 Inline         0             @cinit1

Program metrics:
    Functions               1
    Statements              21
    Comments                144
    Volume (V)              502
    Difficulty (D)          5.5
    Effort to implement (E) 2776
    Time to implement (T)   3 minutes
    Est Delivered Bugs (B)  0
    Cyclomatic Complexity   4
    Maintainability (MI)    76

 Segment     Used  Free
-----------  ----  ----
00000-00003     4  0  
00004-007FF    83  1961  
00800-00FFF     0  2048  
01000-017FF     0  2048  
01800-01FFF     0  2048  



