CCS PCM C Compiler, Version 5.078, 43599               05-Nov-18 09:36

               Filename:   E:\bai tap vdk\button\bài2\main2.lst

               ROM used:   86 words (1%)
                           Largest free fragment is 2048
               RAM used:   7 (2%) at main() level
                           8 (2%) worst case
               Stack used: 0 locations
               Stack size: 8

*
0000:  MOVLW  00
0001:  MOVWF  0A
0002:  GOTO   018
0003:  NOP
.................... #include <main2.h> 
.................... #include <16F887.h> 
.................... //////////// Standard Header file for the PIC16F887 device //////////////// 
.................... /////////////////////////////////////////////////////////////////////////// 
.................... ////        (C) Copyright 1996, 2014 Custom Computer Services          //// 
.................... //// This source code may only be used by licensed users of the CCS C  //// 
.................... //// compiler.  This source code may only be distributed to other      //// 
.................... //// licensed users of the CCS C compiler.  No other use, reproduction //// 
.................... //// or distribution is permitted without written permission.          //// 
.................... //// Derivative programs created using this software in object code    //// 
.................... //// form are not restricted in any way.                               //// 
.................... /////////////////////////////////////////////////////////////////////////// 
.................... #device PIC16F887 
....................  
.................... #list 
....................  
.................... #device ADC=10 
.................... #use delay(crystal=20000000) 
0004:  MOVLW  22
0005:  MOVWF  04
0006:  BCF    03.7
0007:  MOVF   00,W
0008:  BTFSC  03.2
0009:  GOTO   017
000A:  MOVLW  06
000B:  MOVWF  78
000C:  CLRF   77
000D:  DECFSZ 77,F
000E:  GOTO   00D
000F:  DECFSZ 78,F
0010:  GOTO   00C
0011:  MOVLW  7B
0012:  MOVWF  77
0013:  DECFSZ 77,F
0014:  GOTO   013
0015:  DECFSZ 00,F
0016:  GOTO   00A
0017:  RETURN
....................  
....................  
....................  
.................... void main() 
0018:  MOVF   03,W
0019:  ANDLW  1F
001A:  MOVWF  03
001B:  MOVLW  FF
001C:  MOVWF  20
001D:  BSF    03.5
001E:  BSF    03.6
001F:  MOVF   09,W
0020:  ANDLW  C0
0021:  MOVWF  09
0022:  BCF    03.6
0023:  BCF    1F.4
0024:  BCF    1F.5
0025:  MOVLW  00
0026:  BSF    03.6
0027:  MOVWF  08
0028:  BCF    03.5
0029:  CLRF   07
002A:  CLRF   08
002B:  CLRF   09
002C:  BCF    03.7
.................... { 
....................   set_tris_c(0x00); 
002D:  MOVLW  00
002E:  BSF    03.5
002F:  BCF    03.6
0030:  MOVWF  07
0031:  BCF    03.5
0032:  MOVWF  20
....................   output_c(0x00); 
0033:  MOVWF  20
0034:  BSF    03.5
0035:  CLRF   07
0036:  BCF    03.5
0037:  CLRF   07
....................    while(TRUE) 
....................    { 
....................    output_c(0x0f); 
0038:  MOVLW  00
0039:  MOVWF  20
003A:  BSF    03.5
003B:  CLRF   07
003C:  MOVLW  0F
003D:  BCF    03.5
003E:  MOVWF  07
....................    delay_ms(300); 
003F:  MOVLW  02
0040:  MOVWF  21
0041:  MOVLW  96
0042:  MOVWF  22
0043:  CALL   004
0044:  DECFSZ 21,F
0045:  GOTO   041
....................    output_c(0xf0); 
0046:  MOVLW  00
0047:  MOVWF  20
0048:  BSF    03.5
0049:  CLRF   07
004A:  MOVLW  F0
004B:  BCF    03.5
004C:  MOVWF  07
....................    delay_ms(300); 
004D:  MOVLW  02
004E:  MOVWF  21
004F:  MOVLW  96
0050:  MOVWF  22
0051:  CALL   004
0052:  DECFSZ 21,F
0053:  GOTO   04F
0054:  GOTO   038
....................     
....................     
....................       //TODO: User Code 
....................    } 
....................  
.................... } 
....................  
0055:  SLEEP

Configuration Fuses:
   Word  1: 2FE2   HS NOWDT PUT MCLR NOPROTECT NOCPD BROWNOUT IESO FCMEN NOLVP NODEBUG
   Word  2: 3FFF   BORV40 NOWRT
