
ROM used:   77/8192 (1%)
            77/8192 (1%) including unused fragments

            0.1 Average locations per line
            9.6 Average locations per statement

RAM used:   6/368 (2%) at main() level
            7/368 (2%) worst case

Stack used: 0 worst case (0 in main + 0 for interrupts)
Stack size: 8

Lines Stmts  %   Files
----- ----- ---  -----
   20     8 100  main1.c
    5     0   0  main1.h
  786     0   0  C:\Program Files (x86)\PICC\Devices\16F887.h
----- -----
  811     8 Total

Page ROM  %  RAM    Vol Diff  Functions:
---- --- --- ---    --- ----  ----------
0     20  26    1             @delay_ms1
0     53  69    0    127  1.7  main
 Inline         0             @cinit1

Program metrics:
    Functions               1
    Statements              8
    Comments                136
    Volume (V)              132
    Difficulty (D)          1.5
    Effort to implement (E) 202
    Time to implement (T)   0 minutes
    Est Delivered Bugs (B)  0
    Cyclomatic Complexity   1
    Maintainability (MI)    76

 Segment     Used  Free
-----------  ----  ----
00000-00003     4  0  
00004-007FF    73  1971  
00800-00FFF     0  2048  
01000-017FF     0  2048  
01800-01FFF     0  2048  



