
ROM used:   385/8192 (5%)
            385/8192 (5%) including unused fragments

            0.4 Average locations per line
            2.5 Average locations per statement

RAM used:   7/368 (2%) at main() level
            9/368 (2%) worst case

Stack used: 2 worst case (2 in main + 0 for interrupts)
Stack size: 8

Lines Stmts  %   Files
----- ----- ---  -----
  219   155 100  main6.c
    5     0   0  main6.h
  786     0   0  C:\Program Files (x86)\PICC\Devices\16F887.h
----- -----
 1010   155 Total

Page ROM  %  RAM    Vol Diff  Functions:
---- --- --- ---    --- ----  ----------
 Inline         1             @delay_ms1
0     18   5    1    104  2.1  data
0     13   3    0     32  1.0  clk
0     38  10    1     48  1.1  latch
0     15   4    0    125  3.0  zero
0     26   7    0    236  3.2  one
0     32   8    0    321  3.2  two
0     25   6    0    236  3.2  three
0     36   9    0    357  3.3  four
0     32   8    0    321  3.2  five
0     18   5    0    163  3.1  six
0     22   6    0    195  3.1  seven
0     11   3    0     90  2.8  eight
0     25   6    0    236  3.2  nine
0      5   1    0     27  0.9  high
0     65  17    0    700  1.9  MAIN
 Inline         0             @cinit1

Program metrics:
    Functions               15
    Statements              155
    Comments                146
    Volume (V)              5583
    Difficulty (D)          39.0
    Effort to implement (E) 217575
    Time to implement (T)   3 hours, 21 minutes
    Est Delivered Bugs (B)  1
    Cyclomatic Complexity   20
    Maintainability (MI)    52

 Segment     Used  Free
-----------  ----  ----
00000-00003     4  0  
00004-007FF   381  1663  
00800-00FFF     0  2048  
01000-017FF     0  2048  
01800-01FFF     0  2048  



