
ROM used:   538/8192 (7%)
            538/8192 (7%) including unused fragments

            0.6 Average locations per line
            24.5 Average locations per statement

RAM used:   12/368 (3%) at main() level
            19/368 (5%) worst case

Stack used: 0 worst case (0 in main + 0 for interrupts)
Stack size: 8

Lines Stmts  %   Files
----- ----- ---  -----
   47    22 100  main2.c
    5     0   0  main2.h
  786     0   0  C:\Program Files (x86)\PICC\Devices\16F887.h
----- -----
  838    22 Total

Page ROM  %  RAM    Vol Diff  Functions:
---- --- --- ---    --- ----  ----------
0     14   3    0             @const645
0     22   4    1             @delay_ms2
0     57  11    3     82  2.5  Display_LED_TIME
0     37   7    5             @DIV1616
0    160  30    2    473  5.6  MAIN
0     10   2    0             @const665
0     91  17    5             @PSTRINGCN7_9600_62_63
0    120  22    9             @PRINTF_LD_9600_62_63
0     23   4    5             @MUL1616
 Inline         0             @cinit1

Program metrics:
    Functions               2
    Statements              22
    Comments                138
    Volume (V)              645
    Difficulty (D)          7.0
    Effort to implement (E) 4529
    Time to implement (T)   4 minutes
    Est Delivered Bugs (B)  0
    Cyclomatic Complexity   1
    Maintainability (MI)    117

 Segment     Used  Free
-----------  ----  ----
00000-00003     4  0  
00004-007FF   534  1510  
00800-00FFF     0  2048  
01000-017FF     0  2048  
01800-01FFF     0  2048  



