
ROM used:   171/8192 (2%)
            171/8192 (2%) including unused fragments

            0.2 Average locations per line
            8.6 Average locations per statement

RAM used:   7/368 (2%) at main() level
            8/368 (2%) worst case

Stack used: 1 worst case (1 in main + 0 for interrupts)
Stack size: 8

Lines Stmts  %   Files
----- ----- ---  -----
   31    20 100  main8.c
    5     0   0  main8.h
  786     0   0  C:\Program Files (x86)\PICC\Devices\16F887.h
----- -----
  822    20 Total

Page ROM  %  RAM    Vol Diff  Functions:
---- --- --- ---    --- ----  ----------
0     20  12    1             @delay_ms1
0    147  86    1    423  1.9  main
 Inline         0             @cinit1

Program metrics:
    Functions               1
    Statements              20
    Comments                136
    Volume (V)              428
    Difficulty (D)          1.8
    Effort to implement (E) 773
    Time to implement (T)   1 minutes
    Est Delivered Bugs (B)  0
    Cyclomatic Complexity   1
    Maintainability (MI)    55

 Segment     Used  Free
-----------  ----  ----
00000-00003     4  0  
00004-007FF   167  1877  
00800-00FFF     0  2048  
01000-017FF     0  2048  
01800-01FFF     0  2048  



