CCS PCM C Compiler, Version 5.078, 43599               08-Nov-18 10:31

               Filename:   E:\bai tap vdk\3_Led7vsIC\bài1\main1.lst

               ROM used:   191 words (2%)
                           Largest free fragment is 2048
               RAM used:   7 (2%) at main() level
                           8 (2%) worst case
               Stack used: 1 locations
               Stack size: 8

*
0000:  MOVLW  00
0001:  MOVWF  0A
0002:  GOTO   018
0003:  NOP
.................... #include <main1.h> 
.................... #include <16F887.h> 
.................... //////////// Standard Header file for the PIC16F887 device //////////////// 
.................... /////////////////////////////////////////////////////////////////////////// 
.................... ////        (C) Copyright 1996, 2014 Custom Computer Services          //// 
.................... //// This source code may only be used by licensed users of the CCS C  //// 
.................... //// compiler.  This source code may only be distributed to other      //// 
.................... //// licensed users of the CCS C compiler.  No other use, reproduction //// 
.................... //// or distribution is permitted without written permission.          //// 
.................... //// Derivative programs created using this software in object code    //// 
.................... //// form are not restricted in any way.                               //// 
.................... /////////////////////////////////////////////////////////////////////////// 
.................... #device PIC16F887 
....................  
.................... #list 
....................  
.................... #device ADC=10 
.................... #use delay(crystal=20000000) 
0004:  MOVLW  22
0005:  MOVWF  04
0006:  BCF    03.7
0007:  MOVF   00,W
0008:  BTFSC  03.2
0009:  GOTO   017
000A:  MOVLW  06
000B:  MOVWF  78
000C:  CLRF   77
000D:  DECFSZ 77,F
000E:  GOTO   00D
000F:  DECFSZ 78,F
0010:  GOTO   00C
0011:  MOVLW  7B
0012:  MOVWF  77
0013:  DECFSZ 77,F
0014:  GOTO   013
0015:  DECFSZ 00,F
0016:  GOTO   00A
0017:  RETURN
....................  
....................  
....................  
.................... void main() 
0018:  MOVF   03,W
0019:  ANDLW  1F
001A:  MOVWF  03
001B:  MOVLW  FF
001C:  MOVWF  20
001D:  BSF    03.5
001E:  BSF    03.6
001F:  MOVF   09,W
0020:  ANDLW  C0
0021:  MOVWF  09
0022:  BCF    03.6
0023:  BCF    1F.4
0024:  BCF    1F.5
0025:  MOVLW  00
0026:  BSF    03.6
0027:  MOVWF  08
0028:  BCF    03.5
0029:  CLRF   07
002A:  CLRF   08
002B:  CLRF   09
002C:  BCF    03.7
.................... { 
....................  set_tris_c(0xff); 
002D:  MOVLW  FF
002E:  BSF    03.5
002F:  BCF    03.6
0030:  MOVWF  07
0031:  BCF    03.5
0032:  MOVWF  20
....................  //delay_ms(500); 
....................    while(TRUE) 
....................    { 
....................     output_c(0x00);  
0033:  MOVLW  00
0034:  MOVWF  20
0035:  BSF    03.5
0036:  CLRF   07
0037:  BCF    03.5
0038:  CLRF   07
....................     delay_ms(500); 
0039:  MOVLW  02
003A:  MOVWF  21
003B:  MOVLW  FA
003C:  MOVWF  22
003D:  CALL   004
003E:  DECFSZ 21,F
003F:  GOTO   03B
....................     output_c(0x01);  
0040:  MOVLW  00
0041:  MOVWF  20
0042:  BSF    03.5
0043:  CLRF   07
0044:  MOVLW  01
0045:  BCF    03.5
0046:  MOVWF  07
....................     delay_ms(500); 
0047:  MOVLW  02
0048:  MOVWF  21
0049:  MOVLW  FA
004A:  MOVWF  22
004B:  CALL   004
004C:  DECFSZ 21,F
004D:  GOTO   049
....................     output_c(0x02);  
004E:  MOVLW  00
004F:  MOVWF  20
0050:  BSF    03.5
0051:  CLRF   07
0052:  MOVLW  02
0053:  BCF    03.5
0054:  MOVWF  07
....................     delay_ms(500); 
0055:  MOVWF  21
0056:  MOVLW  FA
0057:  MOVWF  22
0058:  CALL   004
0059:  DECFSZ 21,F
005A:  GOTO   056
....................     output_c(0x03);  
005B:  MOVLW  00
005C:  MOVWF  20
005D:  BSF    03.5
005E:  CLRF   07
005F:  MOVLW  03
0060:  BCF    03.5
0061:  MOVWF  07
....................     delay_ms(500); 
0062:  MOVLW  02
0063:  MOVWF  21
0064:  MOVLW  FA
0065:  MOVWF  22
0066:  CALL   004
0067:  DECFSZ 21,F
0068:  GOTO   064
....................     output_c(0x04);  
0069:  MOVLW  00
006A:  MOVWF  20
006B:  BSF    03.5
006C:  CLRF   07
006D:  MOVLW  04
006E:  BCF    03.5
006F:  MOVWF  07
....................     delay_ms(500); 
0070:  MOVLW  02
0071:  MOVWF  21
0072:  MOVLW  FA
0073:  MOVWF  22
0074:  CALL   004
0075:  DECFSZ 21,F
0076:  GOTO   072
....................     output_c(0x05);  
0077:  MOVLW  00
0078:  MOVWF  20
0079:  BSF    03.5
007A:  CLRF   07
007B:  MOVLW  05
007C:  BCF    03.5
007D:  MOVWF  07
....................     delay_ms(500); 
007E:  MOVLW  02
007F:  MOVWF  21
0080:  MOVLW  FA
0081:  MOVWF  22
0082:  CALL   004
0083:  DECFSZ 21,F
0084:  GOTO   080
....................     output_c(0x06);  
0085:  MOVLW  00
0086:  MOVWF  20
0087:  BSF    03.5
0088:  CLRF   07
0089:  MOVLW  06
008A:  BCF    03.5
008B:  MOVWF  07
....................     delay_ms(500); 
008C:  MOVLW  02
008D:  MOVWF  21
008E:  MOVLW  FA
008F:  MOVWF  22
0090:  CALL   004
0091:  DECFSZ 21,F
0092:  GOTO   08E
....................     output_c(0x07);  
0093:  MOVLW  00
0094:  MOVWF  20
0095:  BSF    03.5
0096:  CLRF   07
0097:  MOVLW  07
0098:  BCF    03.5
0099:  MOVWF  07
....................     delay_ms(500); 
009A:  MOVLW  02
009B:  MOVWF  21
009C:  MOVLW  FA
009D:  MOVWF  22
009E:  CALL   004
009F:  DECFSZ 21,F
00A0:  GOTO   09C
....................     output_c(0x08);  
00A1:  MOVLW  00
00A2:  MOVWF  20
00A3:  BSF    03.5
00A4:  CLRF   07
00A5:  MOVLW  08
00A6:  BCF    03.5
00A7:  MOVWF  07
....................     delay_ms(500); 
00A8:  MOVLW  02
00A9:  MOVWF  21
00AA:  MOVLW  FA
00AB:  MOVWF  22
00AC:  CALL   004
00AD:  DECFSZ 21,F
00AE:  GOTO   0AA
....................     output_c(0x09);  
00AF:  MOVLW  00
00B0:  MOVWF  20
00B1:  BSF    03.5
00B2:  CLRF   07
00B3:  MOVLW  09
00B4:  BCF    03.5
00B5:  MOVWF  07
....................     delay_ms(500); 
00B6:  MOVLW  02
00B7:  MOVWF  21
00B8:  MOVLW  FA
00B9:  MOVWF  22
00BA:  CALL   004
00BB:  DECFSZ 21,F
00BC:  GOTO   0B8
00BD:  GOTO   033
....................  
....................  
....................       //TODO: User Code 
....................    } 
....................  
.................... } 
00BE:  SLEEP

Configuration Fuses:
   Word  1: 2FE2   HS NOWDT PUT MCLR NOPROTECT NOCPD BROWNOUT IESO FCMEN NOLVP NODEBUG
   Word  2: 3FFF   BORV40 NOWRT
