
ROM used:   153/8192 (2%)
            153/8192 (2%) including unused fragments

            0.2 Average locations per line
            6.7 Average locations per statement

RAM used:   6/368 (2%) at main() level
            7/368 (2%) worst case

Stack used: 1 worst case (1 in main + 0 for interrupts)
Stack size: 8

Lines Stmts  %   Files
----- ----- ---  -----
   34    23 100  main3.c
    5     0   0  main3.h
  786     0   0  C:\Program Files (x86)\PICC\Devices\16F887.h
----- -----
  825    23 Total

Page ROM  %  RAM    Vol Diff  Functions:
---- --- --- ---    --- ----  ----------
0     20  13    1             @delay_ms1
0    129  84    0    505  1.9  main
 Inline         0             @cinit1

Program metrics:
    Functions               1
    Statements              23
    Comments                137
    Volume (V)              511
    Difficulty (D)          1.8
    Effort to implement (E) 934
    Time to implement (T)   1 minutes
    Est Delivered Bugs (B)  0
    Cyclomatic Complexity   1
    Maintainability (MI)    55

 Segment     Used  Free
-----------  ----  ----
00000-00003     4  0  
00004-007FF   149  1895  
00800-00FFF     0  2048  
01000-017FF     0  2048  
01800-01FFF     0  2048  



