
ROM used:   294/8192 (4%)
            294/8192 (4%) including unused fragments

            0.3 Average locations per line
            5.7 Average locations per statement

RAM used:   13/368 (4%) at main() level
            17/368 (5%) worst case

Stack used: 0 worst case (0 in main + 0 for interrupts)
Stack size: 8

Lines Stmts  %   Files
----- ----- ---  -----
  125    52 100  main13.c
    5     0   0  main13.h
  786     0   0  C:\Program Files (x86)\PICC\Devices\16F887.h
----- -----
  916    52 Total

Page ROM  %  RAM    Vol Diff  Functions:
---- --- --- ---    --- ----  ----------
0     20   7    1             @delay_ms1
0     75  26    5    391  5.2  doubleclick
0    195  66    8   1498  7.9  MAIN
 Inline         0             @cinit1

Program metrics:
    Functions               2
    Statements              52
    Comments                192
    Volume (V)              2130
    Difficulty (D)          13.0
    Effort to implement (E) 27649
    Time to implement (T)   26 minutes
    Est Delivered Bugs (B)  0
    Cyclomatic Complexity   16
    Maintainability (MI)    105

 Segment     Used  Free
-----------  ----  ----
00000-00003     4  0  
00004-007FF   290  1754  
00800-00FFF     0  2048  
01000-017FF     0  2048  
01800-01FFF     0  2048  



