
ROM used:   156/8192 (2%)
            156/8192 (2%) including unused fragments

            0.2 Average locations per line
            22.3 Average locations per statement

RAM used:   9/368 (2%) at main() level
            12/368 (3%) worst case

Stack used: 0 worst case (0 in main + 0 for interrupts)
Stack size: 8

Lines Stmts  %   Files
----- ----- ---  -----
   22     7 100  main4.c
    5     0   0  main4.h
  786     0   0  C:\Program Files (x86)\PICC\Devices\16F887.h
----- -----
  813     7 Total

Page ROM  %  RAM    Vol Diff  Functions:
---- --- --- ---    --- ----  ----------
0     22  14    1             @delay_ms1
0     14   9    0             @const646
0     14   9    0             @const649
0     65  42    2    203  5.4  main
0     37  24    4             @DIVS88
 Inline         0             @cinit1

Program metrics:
    Functions               1
    Statements              7
    Comments                138
    Volume (V)              212
    Difficulty (D)          4.3
    Effort to implement (E) 901
    Time to implement (T)   1 minutes
    Est Delivered Bugs (B)  0
    Cyclomatic Complexity   1
    Maintainability (MI)    81

 Segment     Used  Free
-----------  ----  ----
00000-00003     4  0  
00004-007FF   152  1892  
00800-00FFF     0  2048  
01000-017FF     0  2048  
01800-01FFF     0  2048  



