
ROM used:   517/8192 (6%)
            517/8192 (6%) including unused fragments

            0.6 Average locations per line
            8.9 Average locations per statement

RAM used:   33/368 (9%) at main() level
            35/368 (10%) worst case

Stack used: 1 worst case (1 in main + 0 for interrupts)
Stack size: 8

Lines Stmts  %   Files
----- ----- ---  -----
   75    58 100  main1.c
    5     0   0  main1.h
  786     0   0  C:\Program Files (x86)\PICC\Devices\16F887.h
----- -----
  866    58 Total

Page ROM  %  RAM    Vol Diff  Functions:
---- --- --- ---    --- ----  ----------
0     20   4    1             @delay_ms1
0    351  68    2   2121  4.4  main
0     25   5    2             @PSTRINGR_1
0      5   1    0             @const659
0     88  17    4             @PSTRINGC7_9600_62_63
0      3   1    0             @const661
0      3   1    0             @const662
0      3   1    0             @const663
0      3   1    0             @const664
0      3   1    0             @const665
0      3   1    0             @const666
0      3   1    0             @const667
0      3   1    0             @const668
 Inline         0             @cinit1

Program metrics:
    Functions               1
    Statements              58
    Comments                139
    Volume (V)              2160
    Difficulty (D)          4.0
    Effort to implement (E) 8632
    Time to implement (T)   8 minutes
    Est Delivered Bugs (B)  0
    Cyclomatic Complexity   17
    Maintainability (MI)    34

 Segment     Used  Free
-----------  ----  ----
00000-00003     4  0  
00004-007FF   513  1531  
00800-00FFF     0  2048  
01000-017FF     0  2048  
01800-01FFF     0  2048  



