
ROM used:   341/8192 (4%)
            341/8192 (4%) including unused fragments

            0.4 Average locations per line
            5.2 Average locations per statement

RAM used:   13/368 (4%) at main() level
            13/368 (4%) worst case

Stack used: 1 worst case (1 in main + 0 for interrupts)
Stack size: 8

Lines Stmts  %   Files
----- ----- ---  -----
   79    65 100  main9.c
    5     0   0  main9.h
  786     0   0  C:\Program Files (x86)\PICC\Devices\16F887.h
----- -----
  870    65 Total

Page ROM  %  RAM    Vol Diff  Functions:
---- --- --- ---    --- ----  ----------
0     20   6    1             @delay_ms1
0    317  93    2   2682  4.4  main
 Inline         0             @cinit1

Program metrics:
    Functions               1
    Statements              65
    Comments                140
    Volume (V)              2688
    Difficulty (D)          4.4
    Effort to implement (E) 11801
    Time to implement (T)   11 minutes
    Est Delivered Bugs (B)  0
    Cyclomatic Complexity   20
    Maintainability (MI)    33

 Segment     Used  Free
-----------  ----  ----
00000-00003     4  0  
00004-007FF   337  1707  
00800-00FFF     0  2048  
01000-017FF     0  2048  
01800-01FFF     0  2048  



