
ROM used:   111/8192 (1%)
            111/8192 (1%) including unused fragments

            0.1 Average locations per line
            5.3 Average locations per statement

RAM used:   13/368 (4%) at main() level
            13/368 (4%) worst case

Stack used: 0 worst case (0 in main + 0 for interrupts)
Stack size: 8

Lines Stmts  %   Files
----- ----- ---  -----
   43    21 100  main4.c
    5     0   0  main4.h
  786     0   0  C:\Program Files (x86)\PICC\Devices\16F887.h
----- -----
  834    21 Total

Page ROM  %  RAM    Vol Diff  Functions:
---- --- --- ---    --- ----  ----------
0    107  96    2    629  5.7  main
 Inline         0             @cinit1

Program metrics:
    Functions               1
    Statements              21
    Comments                136
    Volume (V)              632
    Difficulty (D)          5.6
    Effort to implement (E) 3555
    Time to implement (T)   3 minutes
    Est Delivered Bugs (B)  0
    Cyclomatic Complexity   6
    Maintainability (MI)    51

 Segment     Used  Free
-----------  ----  ----
00000-00003     4  0  
00004-007FF   107  1937  
00800-00FFF     0  2048  
01000-017FF     0  2048  
01800-01FFF     0  2048  



