
ROM used:   100/8192 (1%)
            100/8192 (1%) including unused fragments

            0.1 Average locations per line
            12.5 Average locations per statement

RAM used:   9/368 (2%) at main() level
            10/368 (3%) worst case

Stack used: 0 worst case (0 in main + 0 for interrupts)
Stack size: 8

Lines Stmts  %   Files
----- ----- ---  -----
   24     8 100  main.c
    5     0   0  main.h
  786     0   0  C:\Program Files (x86)\PICC\Devices\16F887.h
----- -----
  815     8 Total

Page ROM  %  RAM    Vol Diff  Functions:
---- --- --- ---    --- ----  ----------
0     22  22    1             @delay_ms1
0     14  14    0             @const645
0     60  60    1    174  4.0  main
 Inline         0             @cinit1

Program metrics:
    Functions               1
    Statements              8
    Comments                139
    Volume (V)              180
    Difficulty (D)          3.4
    Effort to implement (E) 607
    Time to implement (T)   1 minutes
    Est Delivered Bugs (B)  0
    Cyclomatic Complexity   1
    Maintainability (MI)    82

 Segment     Used  Free
-----------  ----  ----
00000-00003     4  0  
00004-007FF    96  1948  
00800-00FFF     0  2048  
01000-017FF     0  2048  
01800-01FFF     0  2048  



