
ROM used:   109/8192 (1%)
            109/8192 (1%) including unused fragments

            0.1 Average locations per line
            10.9 Average locations per statement

RAM used:   10/368 (3%) at main() level
            11/368 (3%) worst case

Stack used: 0 worst case (0 in main + 0 for interrupts)
Stack size: 8

Lines Stmts  %   Files
----- ----- ---  -----
   24    10 100  main3.c
    5     0   0  main3.h
  786     0   0  C:\Program Files (x86)\PICC\Devices\16F887.h
----- -----
  815    10 Total

Page ROM  %  RAM    Vol Diff  Functions:
---- --- --- ---    --- ----  ----------
0     22  20    1             @delay_ms1
0     14  13    0             @const645
0     69  63    1    247  4.6  main
 Inline         0             @cinit1

Program metrics:
    Functions               1
    Statements              10
    Comments                137
    Volume (V)              253
    Difficulty (D)          4.0
    Effort to implement (E) 1023
    Time to implement (T)   1 minutes
    Est Delivered Bugs (B)  0
    Cyclomatic Complexity   1
    Maintainability (MI)    72

 Segment     Used  Free
-----------  ----  ----
00000-00003     4  0  
00004-007FF   105  1939  
00800-00FFF     0  2048  
01000-017FF     0  2048  
01800-01FFF     0  2048  



