
ROM used:   192/8192 (2%)
            192/8192 (2%) including unused fragments

            0.2 Average locations per line
            8.3 Average locations per statement

RAM used:   7/368 (2%) at main() level
            8/368 (2%) worst case

Stack used: 1 worst case (1 in main + 0 for interrupts)
Stack size: 8

Lines Stmts  %   Files
----- ----- ---  -----
   35    23 100  main2.c
    5     0   0  main2.h
  786     0   0  C:\Program Files (x86)\PICC\Devices\16F887.h
----- -----
  826    23 Total

Page ROM  %  RAM    Vol Diff  Functions:
---- --- --- ---    --- ----  ----------
0     20  10    1             @delay_ms1
0    168  88    1    505  1.9  main
 Inline         0             @cinit1

Program metrics:
    Functions               1
    Statements              23
    Comments                137
    Volume (V)              511
    Difficulty (D)          1.8
    Effort to implement (E) 934
    Time to implement (T)   1 minutes
    Est Delivered Bugs (B)  0
    Cyclomatic Complexity   1
    Maintainability (MI)    55

 Segment     Used  Free
-----------  ----  ----
00000-00003     4  0  
00004-007FF   188  1856  
00800-00FFF     0  2048  
01000-017FF     0  2048  
01800-01FFF     0  2048  



