
ROM used:   293/8192 (4%)
            293/8192 (4%) including unused fragments

            0.3 Average locations per line
            5.2 Average locations per statement

RAM used:   13/368 (4%) at main() level
            13/368 (4%) worst case

Stack used: 0 worst case (0 in main + 0 for interrupts)
Stack size: 8

Lines Stmts  %   Files
----- ----- ---  -----
   71    56 100  main7.c
    5     0   0  main7.h
  786     0   0  C:\Program Files (x86)\PICC\Devices\16F887.h
----- -----
  862    56 Total

Page ROM  %  RAM    Vol Diff  Functions:
---- --- --- ---    --- ----  ----------
0    289  99    2   2310  4.4  main
 Inline         0     32  1.0  @cinit1

Program metrics:
    Functions               2
    Statements              56
    Comments                140
    Volume (V)              2410
    Difficulty (D)          5.8
    Effort to implement (E) 14065
    Time to implement (T)   13 minutes
    Est Delivered Bugs (B)  0
    Cyclomatic Complexity   20
    Maintainability (MI)    97

 Segment     Used  Free
-----------  ----  ----
00000-00003     4  0  
00004-007FF   289  1755  
00800-00FFF     0  2048  
01000-017FF     0  2048  
01800-01FFF     0  2048  



