
ROM used:   153/8192 (2%)
            153/8192 (2%) including unused fragments

            0.2 Average locations per line
            8.5 Average locations per statement

RAM used:   9/368 (2%) at main() level
            9/368 (2%) worst case

Stack used: 0 worst case (0 in main + 0 for interrupts)
Stack size: 8

Lines Stmts  %   Files
----- ----- ---  -----
   35    18 100  main10.c
    5     0   0  main10.h
  786     0   0  C:\Program Files (x86)\PICC\Devices\16F887.h
----- -----
  826    18 Total

Page ROM  %  RAM    Vol Diff  Functions:
---- --- --- ---    --- ----  ----------
0     22  14    1             @delay_ms1
0     14   9    0             @const645
0     14   9    0             @const648
0     14   9    0             @const651
0     85  56    1    425  4.7  main
 Inline         0             @cinit1

Program metrics:
    Functions               1
    Statements              18
    Comments                138
    Volume (V)              437
    Difficulty (D)          4.1
    Effort to implement (E) 1811
    Time to implement (T)   2 minutes
    Est Delivered Bugs (B)  0
    Cyclomatic Complexity   2
    Maintainability (MI)    62

 Segment     Used  Free
-----------  ----  ----
00000-00003     4  0  
00004-007FF   149  1895  
00800-00FFF     0  2048  
01000-017FF     0  2048  
01800-01FFF     0  2048  



