
ROM used:   141/8192 (2%)
            141/8192 (2%) including unused fragments

            0.2 Average locations per line
            6.4 Average locations per statement

RAM used:   13/368 (4%) at main() level
            13/368 (4%) worst case

Stack used: 0 worst case (0 in main + 0 for interrupts)
Stack size: 8

Lines Stmts  %   Files
----- ----- ---  -----
   44    22 100  main5.c
    5     0   0  main5.h
  786     0   0  C:\Program Files (x86)\PICC\Devices\16F887.h
----- -----
  835    22 Total

Page ROM  %  RAM    Vol Diff  Functions:
---- --- --- ---    --- ----  ----------
0     22  16    1             @delay_ms1
0    115  82    2    658  5.8  main
 Inline         0             @cinit1

Program metrics:
    Functions               1
    Statements              22
    Comments                136
    Volume (V)              663
    Difficulty (D)          5.5
    Effort to implement (E) 3669
    Time to implement (T)   3 minutes
    Est Delivered Bugs (B)  0
    Cyclomatic Complexity   6
    Maintainability (MI)    50

 Segment     Used  Free
-----------  ----  ----
00000-00003     4  0  
00004-007FF   137  1907  
00800-00FFF     0  2048  
01000-017FF     0  2048  
01800-01FFF     0  2048  



